<?xml version="1.0" encoding="UTF-8"?>
<!-- Generated by org.testng.reporters.JUnitReportReporter -->
<testsuite name="screenshot.screenshot.macysScrrenshot" tests="1" time="42.442" ignored="0" failures="0" timestamp="16 Aug 2017 12:33:29 GMT" skipped="0" hostname="krawlnetpc-Vostro-3800" errors="0">
  <testcase name="scrrenShot" time="42.442" classname="screenshot.screenshot.macysScrrenshot"/>
</testsuite> <!-- screenshot.screenshot.macysScrrenshot -->
