<?xml version="1.0" encoding="UTF-8"?>
<!-- Generated by org.testng.reporters.JUnitReportReporter -->
<testsuite name="screenshot.screenshot.captureScreenshot" tests="1" time="5.634" ignored="0" failures="0" timestamp="22 May 2017 05:34:23 GMT" skipped="0" hostname="krawlnetpc-Vostro-3800" errors="0">
  <testcase name="scrrenShot" time="5.634" classname="screenshot.screenshot.captureScreenshot"/>
</testsuite> <!-- screenshot.screenshot.captureScreenshot -->
